<?xml version="1.0" encoding="UTF-8"?>
<!-- Generated by org.testng.reporters.JUnitReportReporter -->
<testsuite skipped="0" hostname="Nagababu" name="praticelinks.RahulShettyPratice" tests="11" failures="0" timestamp="2020-10-29T11:01:03 IST" time="16.128" errors="0">
  <testcase name="dropdown" time="0.887" classname="praticelinks.RahulShettyPratice"/>
  <system-out/>
  <testcase name="radioButton" time="0.706" classname="praticelinks.RahulShettyPratice"/>
  <system-out/>
  <testcase name="textwrite" time="0.816" classname="praticelinks.RahulShettyPratice"/>
  <system-out/>
  <testcase name="checkbox" time="0.104" classname="praticelinks.RahulShettyPratice"/>
  <system-out/>
  <testcase name="window" time="0.205" classname="praticelinks.RahulShettyPratice"/>
  <system-out/>
  <testcase name="newtab" time="0.426" classname="praticelinks.RahulShettyPratice"/>
  <system-out/>
  <testcase name="alert" time="2.098" classname="praticelinks.RahulShettyPratice"/>
  <system-out/>
  <testcase name="webtable" time="0.635" classname="praticelinks.RahulShettyPratice"/>
  <system-out/>
  <testcase name="elementdisplayed" time="0.845" classname="praticelinks.RahulShettyPratice"/>
  <system-out/>
  <testcase name="mouseover" time="8.847" classname="praticelinks.RahulShettyPratice"/>
  <system-out/>
  <testcase name="iframes" time="0.559" classname="praticelinks.RahulShettyPratice"/>
  <system-out/>
</testsuite> <!-- praticelinks.RahulShettyPratice -->
