<?xml version="1.0" encoding="UTF-8"?>
<!-- Generated by org.testng.reporters.JUnitReportReporter -->
<testsuite skipped="0" hostname="Nagababu" name="praticelinks.Automationpratice1" tests="4" failures="0" timestamp="2020-10-29T10:59:50 IST" time="1.974" errors="0">
  <testcase name="htmltable" time="0.728" classname="praticelinks.Automationpratice1"/>
  <system-out/>
  <testcase name="tooltip" time="0.048" classname="praticelinks.Automationpratice1"/>
  <system-out/>
  <testcase name="barcode" time="0.767" classname="praticelinks.Automationpratice1"/>
  <system-out/>
  <testcase name="qrcode" time="0.431" classname="praticelinks.Automationpratice1"/>
  <system-out/>
</testsuite> <!-- praticelinks.Automationpratice1 -->
